<?xml version="1.0" encoding="UTF-8"?>
<!-- Generated by org.testng.reporters.JUnitReportReporter -->
<testsuite hostname="DESKTOP-BRCS1SG" failures="0" tests="1" name="SeleniumProjects.P3_Popupwindow" time="14.834" errors="0" timestamp="2025-03-03T11:41:41 IST" skipped="0">
  <testcase classname="SeleniumProjects.P3_Popupwindow" name="Popupwindow" time="14.834"/>
  <system-out/>
</testsuite> <!-- SeleniumProjects.P3_Popupwindow -->
