<?xml version="1.0" encoding="UTF-8"?>
<!-- Generated by org.testng.reporters.JUnitReportReporter -->
<testsuite hostname="DESKTOP-BRCS1SG" failures="0" tests="1" name="SeleniumProjects.P2_Mouseoveroperations" time="7.325" errors="0" timestamp="2025-03-02T23:52:05 IST" skipped="0">
  <testcase classname="SeleniumProjects.P2_Mouseoveroperations" name="Mouseoveraction" time="7.325"/>
  <system-out/>
</testsuite> <!-- SeleniumProjects.P2_Mouseoveroperations -->
